Diagnose log at 2024-02-02T20:17:37Z

AppPath: C:\Program Files\Git\mingw64\bin\git-credential-manager-core.exe
InstallDir: C:\Program Files\Git\mingw64\bin\
Version: 2.1.2

------------
Diagnostic: Environment
Skipped: False
Success: True
Exception: None
Log:
OSType: Windows
OSVersion: 10.0 (build 22621)
Reading environment variables... OK
 Variables:
HOMEPATH=\Users\Alonso
DriverData=C:\Windows\System32\Drivers\DriverData
COMPUTERNAME=DESKTOP-4EUI5G9
GIT_TRACE2_PARENT_SID=7ac3a549-c5b1-48e3-9e61-5eed75a083ab
CommonProgramFiles(x86)=C:\Program Files (x86)\Common Files
OneDrive=C:\Users\Alonso\OneDrive - IRMAOS CARDOSO LTDA
LANG=en_US.UTF-8
CLASSPATH=.
HOME=C:\Users\Alonso
PROCESSOR_REVISION=3a09
PATHEXT=.COM;.EXE;.BAT;.CMD;.VBS;.VBE;.JS;.JSE;.WSF;.WSH;.MSC;.CPL
VSCODE_INJECTION=1
GIT_ASKPASS=c:\Users\Alonso\AppData\Local\Programs\Microsoft VS Code\resources\app\extensions\git\dist\askpass.sh
POWERSHELL_DISTRIBUTION_CHANNEL=MSI:Windows 10 Pro
EFC_5252=1
LOCALAPPDATA=C:\Users\Alonso\AppData\Local
MSYSTEM=MINGW64
TERM=xterm-256color
PROCESSOR_IDENTIFIER=Intel64 Family 6 Model 58 Stepping 9, GenuineIntel
COLORTERM=truecolor
JAVA_HOME=C:\Java\jdk-17
USERDOMAIN=DESKTOP-4EUI5G9
ProgramFiles(x86)=C:\Program Files (x86)
Path=C:/Program Files/Git/mingw64/libexec/git-core;C:\Program Files\Git\mingw64\bin;C:\Program Files\Git\usr\bin;C:\Users\Alonso\bin;C:\Program Files\PowerShell\7;C:\Java\jdk-17\bin;C:\WINDOWS\system32;C:\WINDOWS;C:\WINDOWS\System32\Wbem;C:\WINDOWS\System32\WindowsPowerShell\v1.0\;C:\WINDOWS\System32\OpenSSH\;C:\Program Files\Git\cmd;C:\Program Files\nodejs\;C:\Program Files\dotnet\;C:\Program Files\PowerShell\7\;C:\Users\Alonso\AppData\Local\Microsoft\WindowsApps;;C:\Users\Alonso\AppData\Local\Programs\Microsoft VS Code\bin;C:\Users\Alonso\AppData\Roaming\npm;C:\Users\Alonso\.dotnet\tools
TERM_PROGRAM=vscode
PROCESSOR_LEVEL=6
NUMBER_OF_PROCESSORS=4
TMPDIR=C:\Users\Alonso\AppData\Local\Temp
VSCODE_GIT_ASKPASS_EXTRA_ARGS=--ms-enable-electron-run-as-node
TERM_PROGRAM_VERSION=1.85.2
VSCODE_GIT_ASKPASS_MAIN=c:\Users\Alonso\AppData\Local\Programs\Microsoft VS Code\resources\app\extensions\git\dist\askpass-main.js
PSModulePath=C:\Users\Alonso\Documents\PowerShell\Modules;C:\Program Files\PowerShell\Modules;c:\program files\powershell\7\Modules;C:\Program Files\WindowsPowerShell\Modules;C:\WINDOWS\system32\WindowsPowerShell\v1.0\Modules
PUBLIC=C:\Users\Public
VSCODE_GIT_IPC_HANDLE=\\.\pipe\vscode-git-36c61ad23a-sock
CommonProgramFiles=C:\Program Files (x86)\Common Files
TMP=C:\Users\Alonso\AppData\Local\Temp
CHROME_CRASHPAD_PIPE_NAME=\\.\pipe\crashpad_10572_GPBRBRSLATLZWHSK
PLINK_PROTOCOL=ssh
ProgramData=C:\ProgramData
ProgramW6432=C:\Program Files
ProgramFiles=C:\Program Files (x86)
VSCODE_GIT_ASKPASS_NODE=C:\Users\Alonso\AppData\Local\Programs\Microsoft VS Code\Code.exe
SystemRoot=C:\WINDOWS
ORIGINAL_XDG_CURRENT_DESKTOP=undefined
SESSIONNAME=Console
CommonProgramW6432=C:\Program Files\Common Files
LOGONSERVER=\\DESKTOP-4EUI5G9
GIT_EXEC_PATH=C:/Program Files/Git/mingw64/libexec/git-core
USERDOMAIN_ROAMINGPROFILE=DESKTOP-4EUI5G9
APPDATA=C:\Users\Alonso\AppData\Roaming
HOMEDRIVE=C:
OneDriveCommercial=C:\Users\Alonso\OneDrive - IRMAOS CARDOSO LTDA
USERNAME=Alonso
PROCESSOR_ARCHITEW6432=AMD64
PROCESSOR_ARCHITECTURE=x86
USERPROFILE=C:\Users\Alonso
OS=Windows_NT
ComSpec=C:\WINDOWS\system32\cmd.exe
TEMP=C:\Users\Alonso\AppData\Local\Temp
SystemDrive=C:
windir=C:\WINDOWS
OneDriveConsumer=C:\Users\Alonso\OneDrive
ALLUSERSPROFILE=C:\ProgramData


------------
Diagnostic: File system
Skipped: False
Success: True
Exception: None
Log:
Temporary directory is 'C:\Users\Alonso\AppData\Local\Temp\'...
Checking basic file I/O...
Writing to temporary file 'C:\Users\Alonso\AppData\Local\Temp\81a6402fb7f07f863edda053'... OK
Reading from temporary file 'C:\Users\Alonso\AppData\Local\Temp\81a6402fb7f07f863edda053'... OK
Deleting temporary file 'C:\Users\Alonso\AppData\Local\Temp\81a6402fb7f07f863edda053'... OK
Testing IFileSystem instance...
UserHomePath: C:\Users\Alonso
UserDataDirectoryPath: C:\Users\Alonso\.gcm
GetCurrentDirectory(): C:\Cursos\spotify-imersao-alura

------------
Diagnostic: Networking
Skipped: False
Success: True
Exception: None
Log:
Checking networking and HTTP stack...
Creating HTTP client... OK
IsNetworkAvailable: True
Sending HEAD request to http://example.com... OK
Sending HEAD request to https://example.com... OK
Acquiring free TCP port... OK
Testing local HTTP loopback connections...
Creating new HTTP listener for http://localhost:57185/... OK
Waiting for loopback connection... OK
Writing response... OK
Waiting for response data... OK
Loopback connection data OK

------------
Diagnostic: Git
Skipped: False
Success: True
Exception: None
Log:
Getting Git version... OK
Git version is '2.41.0.windows.1'
Locating current repository... OK
Git repository at 'C:/Cursos/spotify-imersao-alura/.git'
Listing all Git configuration... OK
Git configuration:
file:C:/Program Files/Git/etc/gitconfig	diff.astextplain.textconv=astextplain
file:C:/Program Files/Git/etc/gitconfig	filter.lfs.clean=git-lfs clean -- %f
file:C:/Program Files/Git/etc/gitconfig	filter.lfs.smudge=git-lfs smudge -- %f
file:C:/Program Files/Git/etc/gitconfig	filter.lfs.process=git-lfs filter-process
file:C:/Program Files/Git/etc/gitconfig	filter.lfs.required=true
file:C:/Program Files/Git/etc/gitconfig	http.sslbackend=openssl
file:C:/Program Files/Git/etc/gitconfig	http.sslcainfo=C:/Program Files/Git/mingw64/etc/ssl/certs/ca-bundle.crt
file:C:/Program Files/Git/etc/gitconfig	core.autocrlf=true
file:C:/Program Files/Git/etc/gitconfig	core.fscache=true
file:C:/Program Files/Git/etc/gitconfig	core.symlinks=false
file:C:/Program Files/Git/etc/gitconfig	pull.rebase=false
file:C:/Program Files/Git/etc/gitconfig	credential.helper=manager
file:C:/Program Files/Git/etc/gitconfig	credential.https://dev.azure.com.usehttppath=true
file:C:/Program Files/Git/etc/gitconfig	init.defaultbranch=master
file:C:/Users/Alonso/.gitconfig	user.email=j.alonso.cardoso@outlook.com
file:C:/Users/Alonso/.gitconfig	user.name=J-Alonso-Dev
file:C:/Users/Alonso/.gitconfig	credential.helper=store
file:.git/config	core.repositoryformatversion=0
file:.git/config	core.filemode=false
file:.git/config	core.bare=false
file:.git/config	core.logallrefupdates=true
file:.git/config	core.symlinks=false
file:.git/config	core.ignorecase=true
file:.git/config	remote.origin.url=https://github.com/J-Alonso-Dev/spotify-imersao-alura.git
file:.git/config	remote.origin.fetch=+refs/heads/*:refs/remotes/origin/*


------------
Diagnostic: Credential storage
Skipped: False
Success: True
Exception: None
Log:
ICredentialStore instance is of type: CredentialStore
Writing test credential... OK
Reading test credential... OK
Deleting test credential... OK

------------
Diagnostic: Microsoft authentication (AAD/MSA)
Skipped: False
Success: True
Exception: None
Log:
Broker is not enabled.
Flow type is: Auto
Gathering MSAL token cache data... OK
CacheDirectory: C:\Users\Alonso\AppData\Local\.IdentityService
CacheFileName: msal.cache
CacheFilePath: C:\Users\Alonso\AppData\Local\.IdentityService\msal.cache
Creating cache helper... OK
Verifying MSAL token cache persistence... OK

------------
Diagnostic: GitHub API
Skipped: False
Success: True
Exception: None
Log:
Using 'https://github.com/' as API target.
Querying '/meta' endpoint... OK

